Unexpected end of /proc/mounts line `overlay / overlay rw,relatime,lowerdir=/var/lib/docker/overlay2/l/F6UFZTJGAOZ5QWFTL7ZQ73VCDQ:/var/lib/docker/overlay2/l/DHHOCIM4YV3IKCK6AHJFDG6V6C:/var/lib/docker/overlay2/l/QR7SUJLCVBGLH6WEHFB5QL6EQ5:/var/lib/docker/overlay2/l/RUXHM523KOU2DJT47GNIVJEDX3:/var/lib/docker/overlay2/l/4YL746YQFEJR7LXOJZEO6OKZS4:/var/lib/docker/overlay2/l/MR4RAGHF7DJO6V7K26J6XWJDV6:/var/lib/docker/overlay2/l/NSOIERUJNDE4YGODSLRFPO4NDK:/var/lib/docker/overlay2/l/PIJTYYM2S2B6NFBS32ZWQANGI5:/var/lib/docker/overlay2/l/YHEJBB2GXJYD2'
Unexpected end of /proc/mounts line `MSDCUP65ZLGIT:/var/lib/docker/overlay2/l/CCWNQZAGLBQFPTIL4XWH22G7YG:/var/lib/docker/overlay2/l/TSWLUHOKE5HEOPVABMZTXNL5QJ:/var/lib/docker/overlay2/l/SS5M3N3FGY2D4S6LIZKFIAP353:/var/lib/docker/overlay2/l/B4V4BBIBIKYNH7N63KZEHUANHU:/var/lib/docker/overlay2/l/RWCLPDIVMNX5MM24B64BKO4WXO:/var/lib/docker/overlay2/l/2CILK2RS5Q7SU7V64CVUAHF5S5:/var/lib/docker/overlay2/l/AZUVSPEFDGUHLLDUOW45VPFBYE:/var/lib/docker/overlay2/l/RC6QW2JWU3KHQVVY6WJJO22J6X:/var/lib/docker/overlay2/l/I6PZ6DJ4MYYJKM234KXONN5IFI:/var/lib/do'
Unexpected end of /proc/mounts line `cker/overlay2/l/PUDMVNE4OSBHOMFLYNH3Q5Q6UE:/var/lib/docker/overlay2/l/ZF4SSDYYTGPIUQQOHQPFAU72EI:/var/lib/docker/overlay2/l/H2QCEEIUZIOGMEHQ3HJANNKS7U:/var/lib/docker/overlay2/l/LE3NGUIZMTK5VSYEQIITQGZIRF:/var/lib/docker/overlay2/l/UP4FD7UWORZ2E3FBVU3UTYYX6E:/var/lib/docker/overlay2/l/JHQUPWUB4UY3SBFRI3RU6BR6QS:/var/lib/docker/overlay2/l/HL6JXXWSAW66Y64XVQFNEULJRF:/var/lib/docker/overlay2/l/TSLTWBN2CTNV3TNKL4GES36YWK:/var/lib/docker/overlay2/l/FBUYV4DFLBOS3YEWNWI3SLM7TG:/var/lib/docker/overlay2/l/XUWNXZZ7B'
Selected GPU[0] Tesla K80 as the process wide default device.
Selected GPU[1] Tesla K80 as the process wide default device.
ping [requestnodes (before change)]: 2 nodes pinging each other
ping [requestnodes (before change)]: 2 nodes pinging each other
ping [requestnodes (after change)]: 2 nodes pinging each other
ping [requestnodes (after change)]: 2 nodes pinging each other
requestnodes [MPIWrapperMpi]: using 2 out of 2 MPI nodes on a single host (2 requested); we (1) are in (participating)
ping [mpihelper]: 2 nodes pinging each other
requestnodes [MPIWrapperMpi]: using 2 out of 2 MPI nodes on a single host (2 requested); we (0) are in (participating)
ping [mpihelper]: 2 nodes pinging each other
-------------------------------------------------------------------
Build info: 

		Built time: Feb  1 2018 10:57:03
		Last modified date: Thu Feb  1 10:42:36 2018
		Build type: release
		Build target: GPU
		With 1bit-SGD: yes
		With ASGD: yes
		Math lib: mkl
		CUDA version: 9.0.0
		CUDNN version: 7.0.4
		Build Branch: master
		Build SHA1: fbbbaa92f698d9cea65119c0ec61a922729fb0b6
		MPI distribution: Open MPI
		MPI version: 1.10.3
-------------------------------------------------------------------
-------------------------------------------------------------------
Build info: 

		Built time: Feb  1 2018 10:57:03
		Last modified date: Thu Feb  1 10:42:36 2018
		Build type: release
		Build target: GPU
		With 1bit-SGD: yes
		With ASGD: yes
		Math lib: mkl
		CUDA version: 9.0.0
		CUDNN version: 7.0.4
		Build Branch: master
		Build SHA1: fbbbaa92f698d9cea65119c0ec61a922729fb0b6
		MPI distribution: Open MPI
		MPI version: 1.10.3
-------------------------------------------------------------------
Unexpected end of /proc/mounts line `overlay / overlay rw,relatime,lowerdir=/var/lib/docker/overlay2/l/F6UFZTJGAOZ5QWFTL7ZQ73VCDQ:/var/lib/docker/overlay2/l/DHHOCIM4YV3IKCK6AHJFDG6V6C:/var/lib/docker/overlay2/l/QR7SUJLCVBGLH6WEHFB5QL6EQ5:/var/lib/docker/overlay2/l/RUXHM523KOU2DJT47GNIVJEDX3:/var/lib/docker/overlay2/l/4YL746YQFEJR7LXOJZEO6OKZS4:/var/lib/docker/overlay2/l/MR4RAGHF7DJO6V7K26J6XWJDV6:/var/lib/docker/overlay2/l/NSOIERUJNDE4YGODSLRFPO4NDK:/var/lib/docker/overlay2/l/PIJTYYM2S2B6NFBS32ZWQANGI5:/var/lib/docker/overlay2/l/YHEJBB2GXJYD2'
Unexpected end of /proc/mounts line `MSDCUP65ZLGIT:/var/lib/docker/overlay2/l/CCWNQZAGLBQFPTIL4XWH22G7YG:/var/lib/docker/overlay2/l/TSWLUHOKE5HEOPVABMZTXNL5QJ:/var/lib/docker/overlay2/l/SS5M3N3FGY2D4S6LIZKFIAP353:/var/lib/docker/overlay2/l/B4V4BBIBIKYNH7N63KZEHUANHU:/var/lib/docker/overlay2/l/RWCLPDIVMNX5MM24B64BKO4WXO:/var/lib/docker/overlay2/l/2CILK2RS5Q7SU7V64CVUAHF5S5:/var/lib/docker/overlay2/l/AZUVSPEFDGUHLLDUOW45VPFBYE:/var/lib/docker/overlay2/l/RC6QW2JWU3KHQVVY6WJJO22J6X:/var/lib/docker/overlay2/l/I6PZ6DJ4MYYJKM234KXONN5IFI:/var/lib/do'
Unexpected end of /proc/mounts line `cker/overlay2/l/PUDMVNE4OSBHOMFLYNH3Q5Q6UE:/var/lib/docker/overlay2/l/ZF4SSDYYTGPIUQQOHQPFAU72EI:/var/lib/docker/overlay2/l/H2QCEEIUZIOGMEHQ3HJANNKS7U:/var/lib/docker/overlay2/l/LE3NGUIZMTK5VSYEQIITQGZIRF:/var/lib/docker/overlay2/l/UP4FD7UWORZ2E3FBVU3UTYYX6E:/var/lib/docker/overlay2/l/JHQUPWUB4UY3SBFRI3RU6BR6QS:/var/lib/docker/overlay2/l/HL6JXXWSAW66Y64XVQFNEULJRF:/var/lib/docker/overlay2/l/TSLTWBN2CTNV3TNKL4GES36YWK:/var/lib/docker/overlay2/l/FBUYV4DFLBOS3YEWNWI3SLM7TG:/var/lib/docker/overlay2/l/XUWNXZZ7B'
Unexpected end of /proc/mounts line `overlay / overlay rw,relatime,lowerdir=/var/lib/docker/overlay2/l/F6UFZTJGAOZ5QWFTL7ZQ73VCDQ:/var/lib/docker/overlay2/l/DHHOCIM4YV3IKCK6AHJFDG6V6C:/var/lib/docker/overlay2/l/QR7SUJLCVBGLH6WEHFB5QL6EQ5:/var/lib/docker/overlay2/l/RUXHM523KOU2DJT47GNIVJEDX3:/var/lib/docker/overlay2/l/4YL746YQFEJR7LXOJZEO6OKZS4:/var/lib/docker/overlay2/l/MR4RAGHF7DJO6V7K26J6XWJDV6:/var/lib/docker/overlay2/l/NSOIERUJNDE4YGODSLRFPO4NDK:/var/lib/docker/overlay2/l/PIJTYYM2S2B6NFBS32ZWQANGI5:/var/lib/docker/overlay2/l/YHEJBB2GXJYD2'
Unexpected end of /proc/mounts line `MSDCUP65ZLGIT:/var/lib/docker/overlay2/l/CCWNQZAGLBQFPTIL4XWH22G7YG:/var/lib/docker/overlay2/l/TSWLUHOKE5HEOPVABMZTXNL5QJ:/var/lib/docker/overlay2/l/SS5M3N3FGY2D4S6LIZKFIAP353:/var/lib/docker/overlay2/l/B4V4BBIBIKYNH7N63KZEHUANHU:/var/lib/docker/overlay2/l/RWCLPDIVMNX5MM24B64BKO4WXO:/var/lib/docker/overlay2/l/2CILK2RS5Q7SU7V64CVUAHF5S5:/var/lib/docker/overlay2/l/AZUVSPEFDGUHLLDUOW45VPFBYE:/var/lib/docker/overlay2/l/RC6QW2JWU3KHQVVY6WJJO22J6X:/var/lib/docker/overlay2/l/I6PZ6DJ4MYYJKM234KXONN5IFI:/var/lib/do'
Unexpected end of /proc/mounts line `cker/overlay2/l/PUDMVNE4OSBHOMFLYNH3Q5Q6UE:/var/lib/docker/overlay2/l/ZF4SSDYYTGPIUQQOHQPFAU72EI:/var/lib/docker/overlay2/l/H2QCEEIUZIOGMEHQ3HJANNKS7U:/var/lib/docker/overlay2/l/LE3NGUIZMTK5VSYEQIITQGZIRF:/var/lib/docker/overlay2/l/UP4FD7UWORZ2E3FBVU3UTYYX6E:/var/lib/docker/overlay2/l/JHQUPWUB4UY3SBFRI3RU6BR6QS:/var/lib/docker/overlay2/l/HL6JXXWSAW66Y64XVQFNEULJRF:/var/lib/docker/overlay2/l/TSLTWBN2CTNV3TNKL4GES36YWK:/var/lib/docker/overlay2/l/FBUYV4DFLBOS3YEWNWI3SLM7TG:/var/lib/docker/overlay2/l/XUWNXZZ7B'
NcclComm: initialized
NcclComm: initialized
