start build voc
start build voc
voc builded
start build model with point
---------------------
encoder layers:1
decoder layers:1
hidden dim:256
attention dim:128
voc size:50004
max extended voc:150
---------------------
voc builded
start build model with point
---------------------
encoder layers:1
decoder layers:1
hidden dim:256
attention dim:128
voc size:50004
max extended voc:150
---------------------
model created
model created
model outputs
Composite(Combine): Input('input', [#, enAxis], [50004]), Input('extended_input', [#, enAxis], [50154]), Input('de_in', [#, deAxis], [50004]) -> Output('Plus33632_Output_0', [#, deAxis_times_1_minus_1], [50154]), Output('Pvocab', [#, deAxis_times_1_minus_1], [50004]), Output('StableSigmoid33453_Output_0', [#, deAxis_times_1_minus_1], [1])
Composite(Negate): Input('target', [#, deAxis], [50154]), Input('input', [#, enAxis], [50004]), Input('extended_input', [#, enAxis], [50154]), Input('de_in', [#, deAxis], [50004]) -> Output('loss', [#, deAxis_times_1_minus_1], [1])
model outputs
Composite(Combine): Input('input', [#, enAxis], [50004]), Input('extended_input', [#, enAxis], [50154]), Input('de_in', [#, deAxis], [50004]) -> Output('Plus33632_Output_0', [#, deAxis_times_1_minus_1], [50154]), Output('Pvocab', [#, deAxis_times_1_minus_1], [50004]), Output('StableSigmoid33453_Output_0', [#, deAxis_times_1_minus_1], [1])
Composite(Negate): Input('target', [#, deAxis], [50154]), Input('input', [#, enAxis], [50004]), Input('extended_input', [#, enAxis], [50154]), Input('de_in', [#, deAxis], [50004]) -> Output('loss', [#, deAxis_times_1_minus_1], [1])
model outputs
Composite(Combine): Input('input', [#, enAxis], [50004]), Input('extended_input', [#, enAxis], [50154]), Input('de_in', [#, deAxis], [50004]), Input('target', [#, deAxis], [50154]) -> Output('Plus37913_Output_0', [#, deAxis_times_1_minus_1], [50154]), Output('Pvocab', [#, deAxis_times_1_minus_1], [50004]), Output('StableSigmoid37734_Output_0', [#, deAxis_times_1_minus_1], [1])
Composite(Negate): Input('input', [#, enAxis], [50004]), Input('extended_input', [#, enAxis], [50154]), Input('de_in', [#, deAxis], [50004]), Input('target', [#, deAxis], [50154]) -> Output('loss', [#, deAxis_times_1_minus_1], [1])
model outputs
Composite(Combine): Input('input', [#, enAxis], [50004]), Input('extended_input', [#, enAxis], [50154]), Input('de_in', [#, deAxis], [50004]), Input('target', [#, deAxis], [50154]) -> Output('Plus37913_Output_0', [#, deAxis_times_1_minus_1], [50154]), Output('Pvocab', [#, deAxis_times_1_minus_1], [50004]), Output('StableSigmoid37734_Output_0', [#, deAxis_times_1_minus_1], [1])
Composite(Negate): Input('input', [#, enAxis], [50004]), Input('extended_input', [#, enAxis], [50154]), Input('de_in', [#, deAxis], [50004]), Input('target', [#, deAxis], [50154]) -> Output('loss', [#, deAxis_times_1_minus_1], [1])
Redirecting log to file log/logrank0
Redirecting log to file log/logrank1
